<?xml version="1.0" encoding="UTF-8"?>
<testsuite xmlns:xsi="http://www.w3.org/2001/XMLSchema-instance" xsi:noNamespaceSchemaLocation="https://maven.apache.org/surefire/maven-surefire-plugin/xsd/surefire-test-report.xsd" name="orders.OrdersAcceptTest" time="21.547" tests="6" errors="0" skipped="0" failures="1">
  <properties>
    <property name="java.specification.version" value="18"/>
    <property name="sun.jnu.encoding" value="UTF-8"/>
    <property name="java.class.path" value="/Users/admin/Documents/job/Sprint3New/target/test-classes:/Users/admin/Documents/job/Sprint3New/target/classes:/Users/admin/.m2/repository/junit/junit/4.13.2/junit-4.13.2.jar:/Users/admin/.m2/repository/org/hamcrest/hamcrest-core/1.3/hamcrest-core-1.3.jar:/Users/admin/.m2/repository/commons-lang/commons-lang/2.6/commons-lang-2.6.jar:/Users/admin/.m2/repository/io/qameta/allure/allure-junit4/2.19.0/allure-junit4-2.19.0.jar:/Users/admin/.m2/repository/io/qameta/allure/allure-java-commons/2.19.0/allure-java-commons-2.19.0.jar:/Users/admin/.m2/repository/org/slf4j/slf4j-api/1.7.30/slf4j-api-1.7.30.jar:/Users/admin/.m2/repository/io/qameta/allure/allure-model/2.19.0/allure-model-2.19.0.jar:/Users/admin/.m2/repository/io/qameta/allure/allure-rest-assured/2.19.0/allure-rest-assured-2.19.0.jar:/Users/admin/.m2/repository/io/qameta/allure/allure-attachments/2.19.0/allure-attachments-2.19.0.jar:/Users/admin/.m2/repository/org/freemarker/freemarker/2.3.31/freemarker-2.3.31.jar:/Users/admin/.m2/repository/io/rest-assured/rest-assured/5.2.0/rest-assured-5.2.0.jar:/Users/admin/.m2/repository/org/apache/groovy/groovy/4.0.1/groovy-4.0.1.jar:/Users/admin/.m2/repository/org/apache/groovy/groovy-xml/4.0.1/groovy-xml-4.0.1.jar:/Users/admin/.m2/repository/org/apache/httpcomponents/httpclient/4.5.13/httpclient-4.5.13.jar:/Users/admin/.m2/repository/org/apache/httpcomponents/httpcore/4.4.13/httpcore-4.4.13.jar:/Users/admin/.m2/repository/commons-logging/commons-logging/1.2/commons-logging-1.2.jar:/Users/admin/.m2/repository/commons-codec/commons-codec/1.11/commons-codec-1.11.jar:/Users/admin/.m2/repository/org/apache/httpcomponents/httpmime/4.5.13/httpmime-4.5.13.jar:/Users/admin/.m2/repository/org/hamcrest/hamcrest/2.1/hamcrest-2.1.jar:/Users/admin/.m2/repository/org/ccil/cowan/tagsoup/tagsoup/1.2.1/tagsoup-1.2.1.jar:/Users/admin/.m2/repository/io/rest-assured/json-path/5.2.0/json-path-5.2.0.jar:/Users/admin/.m2/repository/org/apache/groovy/groovy-json/4.0.1/groovy-json-4.0.1.jar:/Users/admin/.m2/repository/io/rest-assured/rest-assured-common/5.2.0/rest-assured-common-5.2.0.jar:/Users/admin/.m2/repository/io/rest-assured/xml-path/5.2.0/xml-path-5.2.0.jar:/Users/admin/.m2/repository/org/apache/commons/commons-lang3/3.11/commons-lang3-3.11.jar:/Users/admin/.m2/repository/org/projectlombok/lombok/1.18.24/lombok-1.18.24.jar:/Users/admin/.m2/repository/com/google/code/gson/gson/2.9.0/gson-2.9.0.jar:"/>
    <property name="java.vm.vendor" value="Homebrew"/>
    <property name="sun.arch.data.model" value="64"/>
    <property name="java.vendor.url" value="https://github.com/Homebrew/homebrew-core/issues"/>
    <property name="os.name" value="Mac OS X"/>
    <property name="java.vm.specification.version" value="18"/>
    <property name="sun.java.launcher" value="SUN_STANDARD"/>
    <property name="user.country" value="RU"/>
    <property name="sun.boot.library.path" value="/usr/local/Cellar/openjdk/18.0.1/libexec/openjdk.jdk/Contents/Home/lib"/>
    <property name="sun.java.command" value="/Users/admin/Documents/job/Sprint3New/target/surefire/surefirebooter5372918848305691448.jar /Users/admin/Documents/job/Sprint3New/target/surefire 2022-10-18T22-15-13_688-jvmRun1 surefire78038193918778500tmp surefire_02037599419280452015tmp"/>
    <property name="jdk.debug" value="release"/>
    <property name="surefire.test.class.path" value="/Users/admin/Documents/job/Sprint3New/target/test-classes:/Users/admin/Documents/job/Sprint3New/target/classes:/Users/admin/.m2/repository/junit/junit/4.13.2/junit-4.13.2.jar:/Users/admin/.m2/repository/org/hamcrest/hamcrest-core/1.3/hamcrest-core-1.3.jar:/Users/admin/.m2/repository/commons-lang/commons-lang/2.6/commons-lang-2.6.jar:/Users/admin/.m2/repository/io/qameta/allure/allure-junit4/2.19.0/allure-junit4-2.19.0.jar:/Users/admin/.m2/repository/io/qameta/allure/allure-java-commons/2.19.0/allure-java-commons-2.19.0.jar:/Users/admin/.m2/repository/org/slf4j/slf4j-api/1.7.30/slf4j-api-1.7.30.jar:/Users/admin/.m2/repository/io/qameta/allure/allure-model/2.19.0/allure-model-2.19.0.jar:/Users/admin/.m2/repository/io/qameta/allure/allure-rest-assured/2.19.0/allure-rest-assured-2.19.0.jar:/Users/admin/.m2/repository/io/qameta/allure/allure-attachments/2.19.0/allure-attachments-2.19.0.jar:/Users/admin/.m2/repository/org/freemarker/freemarker/2.3.31/freemarker-2.3.31.jar:/Users/admin/.m2/repository/io/rest-assured/rest-assured/5.2.0/rest-assured-5.2.0.jar:/Users/admin/.m2/repository/org/apache/groovy/groovy/4.0.1/groovy-4.0.1.jar:/Users/admin/.m2/repository/org/apache/groovy/groovy-xml/4.0.1/groovy-xml-4.0.1.jar:/Users/admin/.m2/repository/org/apache/httpcomponents/httpclient/4.5.13/httpclient-4.5.13.jar:/Users/admin/.m2/repository/org/apache/httpcomponents/httpcore/4.4.13/httpcore-4.4.13.jar:/Users/admin/.m2/repository/commons-logging/commons-logging/1.2/commons-logging-1.2.jar:/Users/admin/.m2/repository/commons-codec/commons-codec/1.11/commons-codec-1.11.jar:/Users/admin/.m2/repository/org/apache/httpcomponents/httpmime/4.5.13/httpmime-4.5.13.jar:/Users/admin/.m2/repository/org/hamcrest/hamcrest/2.1/hamcrest-2.1.jar:/Users/admin/.m2/repository/org/ccil/cowan/tagsoup/tagsoup/1.2.1/tagsoup-1.2.1.jar:/Users/admin/.m2/repository/io/rest-assured/json-path/5.2.0/json-path-5.2.0.jar:/Users/admin/.m2/repository/org/apache/groovy/groovy-json/4.0.1/groovy-json-4.0.1.jar:/Users/admin/.m2/repository/io/rest-assured/rest-assured-common/5.2.0/rest-assured-common-5.2.0.jar:/Users/admin/.m2/repository/io/rest-assured/xml-path/5.2.0/xml-path-5.2.0.jar:/Users/admin/.m2/repository/org/apache/commons/commons-lang3/3.11/commons-lang3-3.11.jar:/Users/admin/.m2/repository/org/projectlombok/lombok/1.18.24/lombok-1.18.24.jar:/Users/admin/.m2/repository/com/google/code/gson/gson/2.9.0/gson-2.9.0.jar:"/>
    <property name="allure.results.directory" value="/Users/admin/Documents/job/Sprint3New/target/allure-results"/>
    <property name="sun.cpu.endian" value="little"/>
    <property name="user.home" value="/Users/admin"/>
    <property name="user.language" value="ru"/>
    <property name="java.specification.vendor" value="Oracle Corporation"/>
    <property name="java.version.date" value="2022-04-19"/>
    <property name="java.home" value="/usr/local/Cellar/openjdk/18.0.1/libexec/openjdk.jdk/Contents/Home"/>
    <property name="file.separator" value="/"/>
    <property name="basedir" value="/Users/admin/Documents/job/Sprint3New"/>
    <property name="java.vm.compressedOopsMode" value="Zero based"/>
    <property name="line.separator" value="&#10;"/>
    <property name="java.specification.name" value="Java Platform API Specification"/>
    <property name="java.vm.specification.vendor" value="Oracle Corporation"/>
    <property name="apple.awt.application.name" value="ForkedBooter"/>
    <property name="surefire.real.class.path" value="/Users/admin/Documents/job/Sprint3New/target/surefire/surefirebooter5372918848305691448.jar"/>
    <property name="sun.management.compiler" value="HotSpot 64-Bit Tiered Compilers"/>
    <property name="java.runtime.version" value="18.0.1+0"/>
    <property name="user.name" value="admin"/>
    <property name="path.separator" value=":"/>
    <property name="os.version" value="12.5.1"/>
    <property name="java.runtime.name" value="OpenJDK Runtime Environment"/>
    <property name="file.encoding" value="UTF-8"/>
    <property name="java.vm.name" value="OpenJDK 64-Bit Server VM"/>
    <property name="java.vendor.version" value="Homebrew"/>
    <property name="localRepository" value="/Users/admin/.m2/repository"/>
    <property name="java.vendor.url.bug" value="https://github.com/Homebrew/homebrew-core/issues"/>
    <property name="java.io.tmpdir" value="/var/folders/yq/s60ngl_97bg242tjmkp3z1hm0000gq/T/"/>
    <property name="java.version" value="18.0.1"/>
    <property name="user.dir" value="/Users/admin/Documents/job/Sprint3New"/>
    <property name="os.arch" value="x86_64"/>
    <property name="java.vm.specification.name" value="Java Virtual Machine Specification"/>
    <property name="native.encoding" value="UTF-8"/>
    <property name="java.library.path" value="/Users/admin/Library/Java/Extensions:/Library/Java/Extensions:/Network/Library/Java/Extensions:/System/Library/Java/Extensions:/usr/lib/java:."/>
    <property name="java.vm.info" value="mixed mode, sharing"/>
    <property name="java.vendor" value="Homebrew"/>
    <property name="java.vm.version" value="18.0.1+0"/>
    <property name="sun.io.unicode.encoding" value="UnicodeBig"/>
    <property name="java.class.version" value="62.0"/>
  </properties>
  <testcase name="shouldNotAcceptOrderWithoutCourierId" classname="orders.OrdersAcceptTest" time="3.221"/>
  <testcase name="shouldNotAcceptOrderWithoutOrderId" classname="orders.OrdersAcceptTest" time="3.091">
    <failure message="1 expectation failed.&#10;Expected status code &lt;400&gt; but was &lt;404&gt;.&#10;" type="java.lang.AssertionError"><![CDATA[java.lang.AssertionError: 
1 expectation failed.
Expected status code <400> but was <404>.

	at orders.OrdersAcceptTest.shouldNotAcceptOrderWithoutOrderId(OrdersAcceptTest.java:67)
]]></failure>
    <system-out><![CDATA[Request method:	POST
Request URI:	http://qa-scooter.praktikum-services.ru/api/v1/orders
Proxy:			<none>
Request params:	<none>
Query params:	<none>
Form params:	<none>
Path params:	<none>
Headers:		Accept=*/*
				Content-Type=application/json
Cookies:		<none>
Multiparts:		<none>
Body:
{
    "firstName": "РзиЮ",
    "lastName": "Пю",
    "address": "ьГУШыАыЧчЕцтптЁлВП",
    "metroStation": 221,
    "phone": "63891559522",
    "rentTime": 3,
    "deliveryDate": "2023-07-24",
    "comment": "4яЙибрАдеВ04ЬЕсЮн96шлио1БрОЗюрЮы"
}
{
    "track": 718722
}
HTTP/1.1 201 Created
Access-Control-Allow-Origin: *
Content-Length: 16
Content-Type: application/json; charset=utf-8
Date: Tue, 18 Oct 2022 19:17:23 GMT
ETag: W/"10-lYUB7m1VHfMJkqQsIKtcuyGYB3I"
Set-Cookie: _yasc=nEc+47YORkjq9hOd9KU8an2a+J3scOxv0SJ0fO595CuNZBkgttj7FVjP7BwP; domain=.praktikum-services.ru; path=/; expires=Fri, 15-Oct-2032 19:17:23 GMT; secure
X-Powered-By: Express
X-Request-Id: 1666120643461238-5989516255613232250

{
    "track": 718722
}
Request method:	GET
Request URI:	http://qa-scooter.praktikum-services.ru/api/v1/orders/track?t=718722
Proxy:			<none>
Request params:	<none>
Query params:	t=718722
Form params:	<none>
Path params:	<none>
Headers:		Accept=*/*
				Content-Type=application/json
Cookies:		<none>
Multiparts:		<none>
Body:			<none>
{
    "order": {
        "id": 99305,
        "firstName": "РзиЮ",
        "lastName": "Пю",
        "address": "ьГУШыАыЧчЕцтптЁлВП",
        "metroStation": "221",
        "phone": "63891559522",
        "rentTime": 3,
        "deliveryDate": "2023-07-24T00:00:00.000Z",
        "track": 718722,
        "color": null,
        "comment": "4яЙибрАдеВ04ЬЕсЮн96шлио1БрОЗюрЮы",
        "cancelled": false,
        "finished": false,
        "inDelivery": false,
        "createdAt": "2022-10-18T19:17:23.554Z",
        "updatedAt": "2022-10-18T19:17:23.554Z",
        "status": 0
    }
}
HTTP/1.1 200 OK
Access-Control-Allow-Origin: *
Content-Length: 452
Content-Type: application/json; charset=utf-8
Date: Tue, 18 Oct 2022 19:17:24 GMT
ETag: W/"1c4-S7AKYmi5ylcg0NpI8hQPExUqeCk"
Set-Cookie: _yasc=eOOf8b/Fw8b22rScuCAVauf5DqEEdpOM7dcv3dmQakgkF9CxwegZIWY68LQ=; domain=.praktikum-services.ru; path=/; expires=Fri, 15-Oct-2032 19:17:23 GMT; secure
X-Powered-By: Express
X-Request-Id: 1666120643995898-14888914990252567540

{
    "order": {
        "id": 99305,
        "firstName": "РзиЮ",
        "lastName": "Пю",
        "address": "ьГУШыАыЧчЕцтптЁлВП",
        "metroStation": "221",
        "phone": "63891559522",
        "rentTime": 3,
        "deliveryDate": "2023-07-24T00:00:00.000Z",
        "track": 718722,
        "color": null,
        "comment": "4яЙибрАдеВ04ЬЕсЮн96шлио1БрОЗюрЮы",
        "cancelled": false,
        "finished": false,
        "inDelivery": false,
        "createdAt": "2022-10-18T19:17:23.554Z",
        "updatedAt": "2022-10-18T19:17:23.554Z",
        "status": 0
    }
}
Request method:	POST
Request URI:	http://qa-scooter.praktikum-services.ru/api/v1/courier
Proxy:			<none>
Request params:	<none>
Query params:	<none>
Form params:	<none>
Path params:	<none>
Headers:		Accept=*/*
				Content-Type=application/json
Cookies:		<none>
Multiparts:		<none>
Body:
{
    "login": "7whg79Eu0U2f",
    "password": "password1234",
    "firstName": "югИИСДВЖЯэШвЪ"
}
{
    "ok": true
}
HTTP/1.1 201 Created
Access-Control-Allow-Origin: *
Content-Length: 11
Content-Type: application/json; charset=utf-8
Date: Tue, 18 Oct 2022 19:17:24 GMT
ETag: W/"b-Ai2R8hgEarLmHKwesT1qcY913ys"
Set-Cookie: _yasc=65QsqxifQv0OxToRCHXZ1H5ANIL/IjnoKKQf76glqsyZVMfaSzrY2kkbIfPr; domain=.praktikum-services.ru; path=/; expires=Fri, 15-Oct-2032 19:17:24 GMT; secure
X-Powered-By: Express
X-Request-Id: 1666120644395438-14646018007883531504

{
    "ok": true
}
Request method:	POST
Request URI:	http://qa-scooter.praktikum-services.ru/api/v1/courier/login
Proxy:			<none>
Request params:	<none>
Query params:	<none>
Form params:	<none>
Path params:	<none>
Headers:		Accept=*/*
				Content-Type=application/json
Cookies:		<none>
Multiparts:		<none>
Body:
{
    "login": "7whg79Eu0U2f",
    "password": "password1234"
}
{
    "id": 115156
}
HTTP/1.1 200 OK
Access-Control-Allow-Origin: *
Content-Length: 13
Content-Type: application/json; charset=utf-8
Date: Tue, 18 Oct 2022 19:17:24 GMT
ETag: W/"d-Pdi4k34XahMoVN48cBDhfaEN8ZU"
Set-Cookie: _yasc=Ss5QYTVkJl0e1OKJDoe249yHVqS/whBt7iL7+LGU7nLPjkgoyvayL8s6pxQ1; domain=.praktikum-services.ru; path=/; expires=Fri, 15-Oct-2032 19:17:24 GMT; secure
X-Powered-By: Express
X-Request-Id: 1666120644758542-18357335157839987194

{
    "id": 115156
}
Request method:	POST
Request URI:	http://qa-scooter.praktikum-services.ru/api/v1/courier/login
Proxy:			<none>
Request params:	<none>
Query params:	<none>
Form params:	<none>
Path params:	<none>
Headers:		Accept=*/*
				Content-Type=application/json
Cookies:		<none>
Multiparts:		<none>
Body:
{
    "login": "7whg79Eu0U2f",
    "password": "password1234"
}
{
    "id": 115156
}
HTTP/1.1 200 OK
Access-Control-Allow-Origin: *
Content-Length: 13
Content-Type: application/json; charset=utf-8
Date: Tue, 18 Oct 2022 19:17:25 GMT
ETag: W/"d-Pdi4k34XahMoVN48cBDhfaEN8ZU"
Set-Cookie: _yasc=D8OPeueDOwHWEP3kAd8o/872fJZDTIyuU+q0kaJ4pcgV5wTCwcq5ewyw48ON; domain=.praktikum-services.ru; path=/; expires=Fri, 15-Oct-2032 19:17:25 GMT; secure
X-Powered-By: Express
X-Request-Id: 1666120645078707-7233005103842429757

{
    "id": 115156
}
Request method:	PUT
Request URI:	http://qa-scooter.praktikum-services.ru/api/v1/orders/accept?courierId=115156
Proxy:			<none>
Request params:	<none>
Query params:	courierId=115156
Form params:	<none>
Path params:	<none>
Headers:		Accept=*/*
				Content-Type=application/json
Cookies:		<none>
Multiparts:		<none>
Body:			<none>
{
    "code": 404,
    "message": "Not Found."
}
HTTP/1.1 404 Not Found
Access-Control-Allow-Origin: *
Content-Length: 35
Content-Type: application/json; charset=utf-8
Date: Tue, 18 Oct 2022 19:17:25 GMT
ETag: W/"23-Yvz185z7FSkcImycPnr136En0mc"
Set-Cookie: _yasc=T1IqFRw5wo6zMJWFtdJysWICKG62HY8ztjww7wMm6aB7USPoCvbmozwWOXw=; domain=.praktikum-services.ru; path=/; expires=Fri, 15-Oct-2032 19:17:25 GMT; secure
X-Powered-By: Express
X-Request-Id: 1666120645423399-18372813505783431681

{
    "code": 404,
    "message": "Not Found."
}
Request method:	PUT
Request URI:	http://qa-scooter.praktikum-services.ru/api/v1/orders/finish/99305
Proxy:			<none>
Request params:	<none>
Query params:	<none>
Form params:	<none>
Path params:	id=99305
Headers:		Accept=*/*
				Content-Type=application/json
Cookies:		<none>
Multiparts:		<none>
Body:			<none>
{
    "code": 409,
    "message": "Этот заказ нельзя завершить"
}
HTTP/1.1 409 Conflict
Access-Control-Allow-Origin: *
Content-Length: 76
Content-Type: application/json; charset=utf-8
Date: Tue, 18 Oct 2022 19:17:25 GMT
ETag: W/"4c-PpITYxSj65P3fhwNSmDh8Mg68OA"
Set-Cookie: _yasc=Q3oA1QPXD1GAmiSqp1L/nDOSG6/SYnp1RD/bvegi4x4KHVsrD4ZviqZdaKE=; domain=.praktikum-services.ru; path=/; expires=Fri, 15-Oct-2032 19:17:25 GMT; secure
X-Powered-By: Express
X-Request-Id: 1666120645821466-7227708235037110159

{
    "code": 409,
    "message": "Этот заказ нельзя завершить"
}
Request method:	DELETE
Request URI:	http://qa-scooter.praktikum-services.ru/api/v1/courier/115156
Proxy:			<none>
Request params:	<none>
Query params:	<none>
Form params:	<none>
Path params:	id=115156
Headers:		Accept=*/*
				Content-Type=application/json
Cookies:		<none>
Multiparts:		<none>
Body:
{
    "id": "115156"
}
{
    "ok": true
}
HTTP/1.1 200 OK
Access-Control-Allow-Origin: *
Content-Length: 11
Content-Type: application/json; charset=utf-8
Date: Tue, 18 Oct 2022 19:17:26 GMT
ETag: W/"b-Ai2R8hgEarLmHKwesT1qcY913ys"
Set-Cookie: _yasc=bG4kmsaMHQ1jp5PGHxa12SFHGEMBwYI6WYmQnyUyVNljYNa1mJuixchJsSw=; domain=.praktikum-services.ru; path=/; expires=Fri, 15-Oct-2032 19:17:26 GMT; secure
X-Powered-By: Express
X-Request-Id: 1666120646214030-4589910821340613274

{
    "ok": true
}
]]></system-out>
  </testcase>
  <testcase name="shouldNotAcceptOrderWithInvalidCourierId" classname="orders.OrdersAcceptTest" time="3.275"/>
  <testcase name="shouldNotAcceptOrderWithInvalidOrderId" classname="orders.OrdersAcceptTest" time="3.935"/>
  <testcase name="shouldAcceptOrder" classname="orders.OrdersAcceptTest" time="4.279"/>
  <testcase name="shouldNotAcceptAcceptedOrder" classname="orders.OrdersAcceptTest" time="3.737"/>
</testsuite>